<?xml version="1.0" encoding="UTF-8"?>
<!-- Generated by org.testng.reporters.JUnitReportReporter -->
<testsuite skipped="0" hostname="ITRS-2106s-MacBook-Pro.local" name="swagLabs.Tests.ErrorValidations" tests="1" failures="0" timestamp="11 Mar 2023 17:22:57 GMT" time="3.622" errors="0">
  <testcase name="submitOrder" time="3.622" classname="swagLabs.Tests.ErrorValidations"/>
</testsuite> <!-- swagLabs.Tests.ErrorValidations -->
