<?xml version="1.0" encoding="UTF-8"?>
<!-- Generated by org.testng.reporters.JUnitReportReporter -->
<testsuite skipped="0" hostname="ITRS-2106s-MacBook-Pro.local" name="swagLabs.Tests.ErrorValidationsTest" tests="2" failures="0" timestamp="11 Mar 2023 22:20:18 GMT" time="8.801" errors="0">
  <testcase name="loginErrorValidation" time="2.889" classname="swagLabs.Tests.ErrorValidationsTest"/>
  <testcase name="productErrorValidation" time="5.912" classname="swagLabs.Tests.ErrorValidationsTest"/>
</testsuite> <!-- swagLabs.Tests.ErrorValidationsTest -->
