<?xml version="1.0" encoding="UTF-8"?>
<!-- Generated by org.testng.reporters.JUnitReportReporter -->
<testsuite skipped="0" hostname="ITRS-2106s-MacBook-Pro.local" name="swagLabs.Tests.SubmitOrderTest" tests="1" failures="0" timestamp="11 Mar 2023 22:20:18 GMT" time="24.449" errors="0">
  <testcase name="submitOrder" time="24.449" classname="swagLabs.Tests.SubmitOrderTest"/>
</testsuite> <!-- swagLabs.Tests.SubmitOrderTest -->
