<?xml version="1.0" encoding="UTF-8"?>
<!-- Generated by org.testng.reporters.JUnitReportReporter -->
<testsuite skipped="0" hostname="ITRS-2106s-MacBook-Pro.local" name="swagLabs.Tests.SubmitOrderTest" tests="1" failures="0" timestamp="12 Mar 2023 04:32:21 GMT" time="6.208" errors="0">
  <testcase name="submitOrder" time="6.208" classname="swagLabs.Tests.SubmitOrderTest"/>
</testsuite> <!-- swagLabs.Tests.SubmitOrderTest -->
